<html>
<head>
<title>TestNG:  ECDS Regression Testing - ECD1_104_001</title>
<link href="../testng.css" rel="stylesheet" type="text/css" />
<link href="../my-testng.css" rel="stylesheet" type="text/css" />

<style type="text/css">
.log { display: none;} 
.stack-trace { display: none;} 
</style>
<script type="text/javascript">
<!--
function flip(e) {
  current = e.style.display;
  if (current == 'block') {
    e.style.display = 'none';
    return 0;
  }
  else {
    e.style.display = 'block';
    return 1;
  }
}

function toggleBox(szDivId, elem, msg1, msg2)
{
  var res = -1;  if (document.getElementById) {
    res = flip(document.getElementById(szDivId));
  }
  else if (document.all) {
    // this is the way old msie versions work
    res = flip(document.all[szDivId]);
  }
  if(elem) {
    if(res == 0) elem.innerHTML = msg1; else elem.innerHTML = msg2;
  }

}

function toggleAllBoxes() {
  if (document.getElementsByTagName) {
    d = document.getElementsByTagName('div');
    for (i = 0; i < d.length; i++) {
      if (d[i].className == 'log') {
        flip(d[i]);
      }
    }
  }
}

// -->
</script>

</head>
<body>
<h2 align='center'>ECDS Regression Testing - ECD1_104_001</h2><table border='1' align="center">
<tr>
<td>Tests passed/Failed/Skipped:</td><td>0/0/12</td>
</tr><tr>
<td>Started on:</td><td>Wed May 02 13:33:34 CDT 2018</td>
</tr>
<tr><td>Total time:</td><td>0 seconds (24 ms)</td>
</tr><tr>
<td>Included groups:</td><td></td>
</tr><tr>
<td>Excluded groups:</td><td></td>
</tr>
</table><p/>
<small><i>(Hover the method name to see the test class name)</i></small><p/>
<table width='100%' border='1' class='invocation-failed'>
<tr><td colspan='4' align='center'><b>FAILED CONFIGURATIONS</b></td></tr>
<tr><td><b>Test method</b></td>
<td width="30%"><b>Exception</b></td>
<td width="10%"><b>Time (seconds)</b></td>
<td><b>Instance</b></td>
</tr>
<tr>
<td title='tea.ivv.tsds.ecds.TSDSEcdsEndToEndIntegrationIT.setUp()'><b>setUp</b><br>Test class: tea.ivv.tsds.ecds.TSDSEcdsEndToEndIntegrationIT</td>
<td><div><pre>java.lang.IllegalStateException: The driver executable does not exist: C:\Users\praju\eclipse-workspace\testautomationscripts\trunk\Solution\TSDS\null\resources\chromedriver.exe
	at com.google.common.base.Preconditions.checkState(Preconditions.java:534)
	at org.openqa.selenium.remote.service.DriverService.checkExecutable(DriverService.java:136)
	at org.openqa.selenium.remote.service.DriverService$Builder.usingDriverExecutable(DriverService.java:255)
	at us.tx.state.tea.seleniumfw.ChromeDriverManager.startService(ChromeDriverManager.java:54)
	at us.tx.state.tea.seleniumfw.DriverManager.getRemoteDriver(DriverManager.java:55)
	at tea.ivv.tsds.ecds.TSDSEcdsEndToEndIntegrationIT.setUp(TSDSEcdsEndToEndIntegrationIT.java:61)
	at sun.reflect.NativeMethodAccessorImpl.invoke0(Native Method)
	at sun.reflect.NativeMethodAccessorImpl.invoke(Unknown Source)
	at sun.reflect.DelegatingMethodAccessorImpl.invoke(Unknown Source)
	at java.lang.reflect.Method.invoke(Unknown Source)
	at org.testng.internal.MethodInvocationHelper.invokeMethod(MethodInvocationHelper.java:86)
	at org.testng.internal.Invoker.invokeConfigurationMethod(Invoker.java:514)
	at org.testng.internal.Invoker.invokeConfigurations(Invoker.java:215)
	at org.testng.internal.Invoker.invokeConfigurations(Invoker.java:142)
	at org.testng.SuiteRunner.privateRun(SuiteRunner.java:305)
	at org.testng.SuiteRunner.run(SuiteRunner.java:268)
	at org.testng.SuiteRunnerWorker.runSuite(SuiteRunnerWorker.java:52)
	at org.testng.SuiteRunnerWorker.run(SuiteRunnerWorker.java:86)
	at org.testng.TestNG.runSuitesSequentially(TestNG.java:1244)
	at org.testng.TestNG.runSuitesLocally(TestNG.java:1169)
	at org.testng.TestNG.run(TestNG.java:1064)
	at org.testng.remote.AbstractRemoteTestNG.run(AbstractRemoteTestNG.java:114)
	at org.testng.remote.RemoteTestNG.initAndRun(RemoteTestNG.java:251)
	at org.testng.remote.RemoteTestNG.main(RemoteTestNG.java:77)
</pre></div><a href='#' onClick='toggleBox("stack-trace40472007", this, "Click to show all stack frames", "Click to hide stack frames")'>Click to show all stack frames</a>
<div class='stack-trace' id='stack-trace40472007'><pre>java.lang.IllegalStateException: The driver executable does not exist: C:\Users\praju\eclipse-workspace\testautomationscripts\trunk\Solution\TSDS\null\resources\chromedriver.exe
	at com.google.common.base.Preconditions.checkState(Preconditions.java:534)
	at org.openqa.selenium.remote.service.DriverService.checkExecutable(DriverService.java:136)
	at org.openqa.selenium.remote.service.DriverService$Builder.usingDriverExecutable(DriverService.java:255)
	at us.tx.state.tea.seleniumfw.ChromeDriverManager.startService(ChromeDriverManager.java:54)
	at us.tx.state.tea.seleniumfw.DriverManager.getRemoteDriver(DriverManager.java:55)
	at tea.ivv.tsds.ecds.TSDSEcdsEndToEndIntegrationIT.setUp(TSDSEcdsEndToEndIntegrationIT.java:61)
	at sun.reflect.NativeMethodAccessorImpl.invoke0(Native Method)
	at sun.reflect.NativeMethodAccessorImpl.invoke(Unknown Source)
	at sun.reflect.DelegatingMethodAccessorImpl.invoke(Unknown Source)
	at java.lang.reflect.Method.invoke(Unknown Source)
	at org.testng.internal.MethodInvocationHelper.invokeMethod(MethodInvocationHelper.java:86)
	at org.testng.internal.Invoker.invokeConfigurationMethod(Invoker.java:514)
	at org.testng.internal.Invoker.invokeConfigurations(Invoker.java:215)
	at org.testng.internal.Invoker.invokeConfigurations(Invoker.java:142)
	at org.testng.SuiteRunner.privateRun(SuiteRunner.java:305)
	at org.testng.SuiteRunner.run(SuiteRunner.java:268)
	at org.testng.SuiteRunnerWorker.runSuite(SuiteRunnerWorker.java:52)
	at org.testng.SuiteRunnerWorker.run(SuiteRunnerWorker.java:86)
	at org.testng.TestNG.runSuitesSequentially(TestNG.java:1244)
	at org.testng.TestNG.runSuitesLocally(TestNG.java:1169)
	at org.testng.TestNG.run(TestNG.java:1064)
	at org.testng.remote.AbstractRemoteTestNG.run(AbstractRemoteTestNG.java:114)
	at org.testng.remote.RemoteTestNG.initAndRun(RemoteTestNG.java:251)
	at org.testng.remote.RemoteTestNG.main(RemoteTestNG.java:77)
</pre></div></td>
<td>0</td>
<td>null</td></tr>
</table><p>
<table width='100%' border='1' class='invocation-skipped'>
<tr><td colspan='4' align='center'><b>SKIPPED TESTS</b></td></tr>
<tr><td><b>Test method</b></td>
<td width="30%"><b>Exception</b></td>
<td width="10%"><b>Time (seconds)</b></td>
<td><b>Instance</b></td>
</tr>
<tr>
<td title='tea.ivv.tsds.ecds.TSDSEcdsEndToEndIntegrationIT.launchTSDSPortal()'><b>launchTSDSPortal</b><br>Test class: tea.ivv.tsds.ecds.TSDSEcdsEndToEndIntegrationIT<br>Test method: Test 2.0 - Launch TSDS Portal Link</td>
<td></td>
<td>0</td>
<td>tea.ivv.tsds.ecds.TSDSEcdsEndToEndIntegrationIT@4923ab24</td></tr>
<tr>
<td title='tea.ivv.tsds.ecds.TSDSEcdsEndToEndIntegrationIT.runReports()'><b>runReports</b><br>Test class: tea.ivv.tsds.ecds.TSDSEcdsEndToEndIntegrationIT<br>Test method: Test 13.0 - Run Reports<br>Parameters: 247906, ECD0-000-001, 2017_KG</td>
<td></td>
<td>0</td>
<td>tea.ivv.tsds.ecds.TSDSEcdsEndToEndIntegrationIT@4923ab24</td></tr>
<tr>
<td title='tea.ivv.tsds.ecds.TSDSEcdsEndToEndIntegrationIT.testLaunchCoreCollection()'><b>testLaunchCoreCollection</b><br>Test class: tea.ivv.tsds.ecds.TSDSEcdsEndToEndIntegrationIT<br>Test method: Test 4.0 - Launch Core Collection</td>
<td></td>
<td>0</td>
<td>tea.ivv.tsds.ecds.TSDSEcdsEndToEndIntegrationIT@4923ab24</td></tr>
<tr>
<td title='tea.ivv.tsds.ecds.TSDSEcdsEndToEndIntegrationIT.testLaunchECDSApplicationHome()'><b>testLaunchECDSApplicationHome</b><br>Test class: tea.ivv.tsds.ecds.TSDSEcdsEndToEndIntegrationIT<br>Test method: Test 5.0 - Launch ECDS Application Home</td>
<td></td>
<td>0</td>
<td>tea.ivv.tsds.ecds.TSDSEcdsEndToEndIntegrationIT@4923ab24</td></tr>
<tr>
<td title='tea.ivv.tsds.ecds.TSDSEcdsEndToEndIntegrationIT.testLaunchPrepareFinalizeSubmission()'><b>testLaunchPrepareFinalizeSubmission</b><br>Test class: tea.ivv.tsds.ecds.TSDSEcdsEndToEndIntegrationIT<br>Test method: Test 7.0 - Launch Prepare / Finalize Submission tab</td>
<td></td>
<td>0</td>
<td>tea.ivv.tsds.ecds.TSDSEcdsEndToEndIntegrationIT@4923ab24</td></tr>
<tr>
<td title='tea.ivv.tsds.ecds.TSDSEcdsEndToEndIntegrationIT.testLogin()'><b>testLogin</b><br>Test class: tea.ivv.tsds.ecds.TSDSEcdsEndToEndIntegrationIT<br>Test method: Test 1.0 - Login to TEAL<br>Parameters: TSDSRegression.ECDSApprover, VGVzdCEyMzQ1JA==</td>
<td></td>
<td>0</td>
<td>tea.ivv.tsds.ecds.TSDSEcdsEndToEndIntegrationIT@4923ab24</td></tr>
<tr>
<td title='tea.ivv.tsds.ecds.TSDSEcdsEndToEndIntegrationIT.testRunComplete()'><b>testRunComplete</b><br>Test class: tea.ivv.tsds.ecds.TSDSEcdsEndToEndIntegrationIT<br>Test method: Test 11.0 - Run Complete</td>
<td></td>
<td>0</td>
<td>tea.ivv.tsds.ecds.TSDSEcdsEndToEndIntegrationIT@4923ab24</td></tr>
<tr>
<td title='tea.ivv.tsds.ecds.TSDSEcdsEndToEndIntegrationIT.testRunPrepare()'><b>testRunPrepare</b><br>Test class: tea.ivv.tsds.ecds.TSDSEcdsEndToEndIntegrationIT<br>Test method: Test 9.0 - Run Prepare</td>
<td></td>
<td>0</td>
<td>tea.ivv.tsds.ecds.TSDSEcdsEndToEndIntegrationIT@4923ab24</td></tr>
<tr>
<td title='tea.ivv.tsds.ecds.TSDSEcdsEndToEndIntegrationIT.testRunReset()'><b>testRunReset</b><br>Test class: tea.ivv.tsds.ecds.TSDSEcdsEndToEndIntegrationIT<br>Test method: Test 12.0 - Run Reset</td>
<td></td>
<td>0</td>
<td>tea.ivv.tsds.ecds.TSDSEcdsEndToEndIntegrationIT@4923ab24</td></tr>
<tr>
<td title='tea.ivv.tsds.ecds.TSDSEcdsEndToEndIntegrationIT.testRunValidate()'><b>testRunValidate</b><br>Test class: tea.ivv.tsds.ecds.TSDSEcdsEndToEndIntegrationIT<br>Test method: Test 10.0 - Run Validate Submission Data</td>
<td></td>
<td>0</td>
<td>tea.ivv.tsds.ecds.TSDSEcdsEndToEndIntegrationIT@4923ab24</td></tr>
<tr>
<td title='tea.ivv.tsds.ecds.TSDSEcdsEndToEndIntegrationIT.testSelectOrgID()'><b>testSelectOrgID</b><br>Test class: tea.ivv.tsds.ecds.TSDSEcdsEndToEndIntegrationIT<br>Test method: Test 3.0 - Selecting organization id <br>Parameters: 247906</td>
<td></td>
<td>0</td>
<td>tea.ivv.tsds.ecds.TSDSEcdsEndToEndIntegrationIT@4923ab24</td></tr>
<tr>
<td title='tea.ivv.tsds.ecds.TSDSEcdsEndToEndIntegrationIT.testSetUpParams()'><b>testSetUpParams</b><br>Test class: tea.ivv.tsds.ecds.TSDSEcdsEndToEndIntegrationIT<br>Test method: Test 6.0 - Select Parameters<br>Parameters: 2016-2017, KG</td>
<td></td>
<td>0</td>
<td>tea.ivv.tsds.ecds.TSDSEcdsEndToEndIntegrationIT@4923ab24</td></tr>
</table><p>
</body>
</html>